# JRE version: OpenJDK Runtime Environment Temurin-11.0.12+7 (11.0.12+7) (build 11.0.12+7)
# Java VM: OpenJDK 64-Bit Server VM Temurin-11.0.12+7 (11.0.12+7, mixed mode, tiered, compressed oops, parallel gc, windows-amd64)
Heap:
 PSYoungGen      total 20480K, used 133K [0x00000000eab00000, 0x00000000ec200000, 0x0000000100000000)
  eden space 19968K, 0% used [0x00000000eab00000,0x00000000eab214a8,0x00000000ebe80000)
  from space 512K, 0% used [0x00000000ebf80000,0x00000000ebf80000,0x00000000ec000000)
  to   space 1024K, 0% used [0x00000000ec100000,0x00000000ec100000,0x00000000ec200000)
 ParOldGen       total 68608K, used 24500K [0x00000000c0000000, 0x00000000c4300000, 0x00000000eab00000)
  object space 68608K, 35% used [0x00000000c0000000,0x00000000c17ed2a8,0x00000000c4300000)
 Metaspace       used 33224K, capacity 35259K, committed 35416K, reserved 1081344K
  class space    used 3128K, capacity 3890K, committed 3968K, reserved 1048576K
GC Heap History (20 events):
Event: 7.794 GC heap before
{Heap before GC invocations=8 (full 1):
 PSYoungGen      total 27136K, used 27111K [0x00000000eab00000, 0x00000000ec900000, 0x0000000100000000)
  eden space 24576K, 100% used [0x00000000eab00000,0x00000000ec300000,0x00000000ec300000)
  from space 2560K, 99% used [0x00000000ec600000,0x00000000ec879f18,0x00000000ec880000)
  to   space 3072K, 0% used [0x00000000ec300000,0x00000000ec300000,0x00000000ec600000)
 ParOldGen       total 68608K, used 6267K [0x00000000c0000000, 0x00000000c4300000, 0x00000000eab00000)
  object space 68608K, 9% used [0x00000000c0000000,0x00000000c061ece8,0x00000000c4300000)
 Metaspace       used 30832K, capacity 32717K, committed 32896K, reserved 1079296K
  class space    used 2971K, capacity 3700K, committed 3712K, reserved 1048576K
}
Event: 7.798 GC heap after
{Heap after GC invocations=8 (full 1):
 PSYoungGen      total 27136K, used 3046K [0x00000000eab00000, 0x00000000ecb80000, 0x0000000100000000)
  eden space 24064K, 0% used [0x00000000eab00000,0x00000000eab00000,0x00000000ec280000)
  from space 3072K, 99% used [0x00000000ec300000,0x00000000ec5f9a28,0x00000000ec600000)
  to   space 4608K, 0% used [0x00000000ec700000,0x00000000ec700000,0x00000000ecb80000)
 ParOldGen       total 68608K, used 7336K [0x00000000c0000000, 0x00000000c4300000, 0x00000000eab00000)
  object space 68608K, 10% used [0x00000000c0000000,0x00000000c072a050,0x00000000c4300000)
 Metaspace       used 30832K, capacity 32717K, committed 32896K, reserved 1079296K
  class space    used 2971K, capacity 3700K, committed 3712K, reserved 1048576K
}
Event: 7.975 GC heap before
{Heap before GC invocations=9 (full 1):
 PSYoungGen      total 27136K, used 27110K [0x00000000eab00000, 0x00000000ecb80000, 0x0000000100000000)
  eden space 24064K, 100% used [0x00000000eab00000,0x00000000ec280000,0x00000000ec280000)
  from space 3072K, 99% used [0x00000000ec300000,0x00000000ec5f9a28,0x00000000ec600000)
  to   space 4608K, 0% used [0x00000000ec700000,0x00000000ec700000,0x00000000ecb80000)
 ParOldGen       total 68608K, used 7336K [0x00000000c0000000, 0x00000000c4300000, 0x00000000eab00000)
  object space 68608K, 10% used [0x00000000c0000000,0x00000000c072a050,0x00000000c4300000)
 Metaspace       used 31053K, capacity 32936K, committed 33152K, reserved 1079296K
  class space    used 2995K, capacity 3709K, committed 3712K, reserved 1048576K
}
Event: 7.981 GC heap after
{Heap after GC invocations=9 (full 1):
 PSYoungGen      total 27648K, used 4598K [0x00000000eab00000, 0x00000000ecd00000, 0x0000000100000000)
  eden space 23040K, 0% used [0x00000000eab00000,0x00000000eab00000,0x00000000ec180000)
  from space 4608K, 99% used [0x00000000ec700000,0x00000000ecb7d9f8,0x00000000ecb80000)
  to   space 5632K, 0% used [0x00000000ec180000,0x00000000ec180000,0x00000000ec700000)
 ParOldGen       total 68608K, used 8000K [0x00000000c0000000, 0x00000000c4300000, 0x00000000eab00000)
  object space 68608K, 11% used [0x00000000c0000000,0x00000000c07d0070,0x00000000c4300000)
 Metaspace       used 31053K, capacity 32936K, committed 33152K, reserved 1079296K
  class space    used 2995K, capacity 3709K, committed 3712K, reserved 1048576K
}
Event: 8.079 GC heap before
{Heap before GC invocations=10 (full 1):
 PSYoungGen      total 27648K, used 27638K [0x00000000eab00000, 0x00000000ecd00000, 0x0000000100000000)
  eden space 23040K, 100% used [0x00000000eab00000,0x00000000ec180000,0x00000000ec180000)
  from space 4608K, 99% used [0x00000000ec700000,0x00000000ecb7d9f8,0x00000000ecb80000)
  to   space 5632K, 0% used [0x00000000ec180000,0x00000000ec180000,0x00000000ec700000)
 ParOldGen       total 68608K, used 8000K [0x00000000c0000000, 0x00000000c4300000, 0x00000000eab00000)
  object space 68608K, 11% used [0x00000000c0000000,0x00000000c07d0070,0x00000000c4300000)
 Metaspace       used 31071K, capacity 32936K, committed 33152K, reserved 1079296K
  class space    used 2995K, capacity 3709K, committed 3712K, reserved 1048576K
}
Event: 8.111 GC heap after
{Heap after GC invocations=10 (full 1):
 PSYoungGen      total 27648K, used 4926K [0x00000000eab00000, 0x00000000ecb00000, 0x0000000100000000)
  eden space 22528K, 0% used [0x00000000eab00000,0x00000000eab00000,0x00000000ec100000)
  from space 5120K, 96% used [0x00000000ec180000,0x00000000ec64f858,0x00000000ec680000)
  to   space 4608K, 0% used [0x00000000ec680000,0x00000000ec680000,0x00000000ecb00000)
 ParOldGen       total 68608K, used 9791K [0x00000000c0000000, 0x00000000c4300000, 0x00000000eab00000)
  object space 68608K, 14% used [0x00000000c0000000,0x00000000c098fd20,0x00000000c4300000)
 Metaspace       used 31071K, capacity 32936K, committed 33152K, reserved 1079296K
  class space    used 2995K, capacity 3709K, committed 3712K, reserved 1048576K
}
Event: 8.209 GC heap before
{Heap before GC invocations=11 (full 1):
 PSYoungGen      total 27648K, used 27454K [0x00000000eab00000, 0x00000000ecb00000, 0x0000000100000000)
  eden space 22528K, 100% used [0x00000000eab00000,0x00000000ec100000,0x00000000ec100000)
  from space 5120K, 96% used [0x00000000ec180000,0x00000000ec64f858,0x00000000ec680000)
  to   space 4608K, 0% used [0x00000000ec680000,0x00000000ec680000,0x00000000ecb00000)
 ParOldGen       total 68608K, used 9791K [0x00000000c0000000, 0x00000000c4300000, 0x00000000eab00000)
  object space 68608K, 14% used [0x00000000c0000000,0x00000000c098fd20,0x00000000c4300000)
 Metaspace       used 31240K, capacity 33128K, committed 33152K, reserved 1079296K
  class space    used 3008K, capacity 3709K, committed 3712K, reserved 1048576K
}
Event: 8.216 GC heap after
{Heap after GC invocations=11 (full 1):
 PSYoungGen      total 24576K, used 4576K [0x00000000eab00000, 0x00000000ed080000, 0x0000000100000000)
  eden space 19968K, 0% used [0x00000000eab00000,0x00000000eab00000,0x00000000ebe80000)
  from space 4608K, 99% used [0x00000000ec680000,0x00000000ecaf8020,0x00000000ecb00000)
  to   space 8192K, 0% used [0x00000000ebe80000,0x00000000ebe80000,0x00000000ec680000)
 ParOldGen       total 68608K, used 12574K [0x00000000c0000000, 0x00000000c4300000, 0x00000000eab00000)
  object space 68608K, 18% used [0x00000000c0000000,0x00000000c0c47b28,0x00000000c4300000)
 Metaspace       used 31240K, capacity 33128K, committed 33152K, reserved 1079296K
  class space    used 3008K, capacity 3709K, committed 3712K, reserved 1048576K
}
Event: 8.275 GC heap before
{Heap before GC invocations=12 (full 1):
 PSYoungGen      total 24576K, used 24544K [0x00000000eab00000, 0x00000000ed080000, 0x0000000100000000)
  eden space 19968K, 100% used [0x00000000eab00000,0x00000000ebe80000,0x00000000ebe80000)
  from space 4608K, 99% used [0x00000000ec680000,0x00000000ecaf8020,0x00000000ecb00000)
  to   space 8192K, 0% used [0x00000000ebe80000,0x00000000ebe80000,0x00000000ec680000)
 ParOldGen       total 68608K, used 12574K [0x00000000c0000000, 0x00000000c4300000, 0x00000000eab00000)
  object space 68608K, 18% used [0x00000000c0000000,0x00000000c0c47b28,0x00000000c4300000)
 Metaspace       used 31240K, capacity 33128K, committed 33152K, reserved 1079296K
  class space    used 3008K, capacity 3709K, committed 3712K, reserved 1048576K
}
Event: 8.281 GC heap after
{Heap after GC invocations=12 (full 1):
 PSYoungGen      total 22528K, used 2080K [0x00000000eab00000, 0x00000000ec700000, 0x0000000100000000)
  eden space 19968K, 0% used [0x00000000eab00000,0x00000000eab00000,0x00000000ebe80000)
  from space 2560K, 81% used [0x00000000ebe80000,0x00000000ec088000,0x00000000ec100000)
  to   space 4096K, 0% used [0x00000000ec300000,0x00000000ec300000,0x00000000ec700000)
 ParOldGen       total 68608K, used 17150K [0x00000000c0000000, 0x00000000c4300000, 0x00000000eab00000)
  object space 68608K, 24% used [0x00000000c0000000,0x00000000c10bfa50,0x00000000c4300000)
 Metaspace       used 31240K, capacity 33128K, committed 33152K, reserved 1079296K
  class space    used 3008K, capacity 3709K, committed 3712K, reserved 1048576K
}
Event: 8.331 GC heap before
{Heap before GC invocations=13 (full 1):
 PSYoungGen      total 22528K, used 22048K [0x00000000eab00000, 0x00000000ec700000, 0x0000000100000000)
  eden space 19968K, 100% used [0x00000000eab00000,0x00000000ebe80000,0x00000000ebe80000)
  from space 2560K, 81% used [0x00000000ebe80000,0x00000000ec088000,0x00000000ec100000)
  to   space 4096K, 0% used [0x00000000ec300000,0x00000000ec300000,0x00000000ec700000)
 ParOldGen       total 68608K, used 17150K [0x00000000c0000000, 0x00000000c4300000, 0x00000000eab00000)
  object space 68608K, 24% used [0x00000000c0000000,0x00000000c10bfa50,0x00000000c4300000)
 Metaspace       used 31240K, capacity 33128K, committed 33152K, reserved 1079296K
  class space    used 3008K, capacity 3709K, committed 3712K, reserved 1048576K
}
Event: 8.337 GC heap after
{Heap after GC invocations=13 (full 1):
 PSYoungGen      total 22528K, used 2368K [0x00000000eab00000, 0x00000000ec580000, 0x0000000100000000)
  eden space 19968K, 0% used [0x00000000eab00000,0x00000000eab00000,0x00000000ebe80000)
  from space 2560K, 92% used [0x00000000ec300000,0x00000000ec550010,0x00000000ec580000)
  to   space 3072K, 0% used [0x00000000ebf80000,0x00000000ebf80000,0x00000000ec280000)
 ParOldGen       total 68608K, used 19158K [0x00000000c0000000, 0x00000000c4300000, 0x00000000eab00000)
  object space 68608K, 27% used [0x00000000c0000000,0x00000000c12b5a50,0x00000000c4300000)
 Metaspace       used 31240K, capacity 33128K, committed 33152K, reserved 1079296K
  class space    used 3008K, capacity 3709K, committed 3712K, reserved 1048576K
}
Event: 8.404 GC heap before
{Heap before GC invocations=14 (full 1):
 PSYoungGen      total 22528K, used 22336K [0x00000000eab00000, 0x00000000ec580000, 0x0000000100000000)
  eden space 19968K, 100% used [0x00000000eab00000,0x00000000ebe80000,0x00000000ebe80000)
  from space 2560K, 92% used [0x00000000ec300000,0x00000000ec550010,0x00000000ec580000)
  to   space 3072K, 0% used [0x00000000ebf80000,0x00000000ebf80000,0x00000000ec280000)
 ParOldGen       total 68608K, used 19158K [0x00000000c0000000, 0x00000000c4300000, 0x00000000eab00000)
  object space 68608K, 27% used [0x00000000c0000000,0x00000000c12b5a50,0x00000000c4300000)
 Metaspace       used 31241K, capacity 33128K, committed 33152K, reserved 1079296K
  class space    used 3009K, capacity 3709K, committed 3712K, reserved 1048576K
}
Event: 8.412 GC heap after
{Heap after GC invocations=14 (full 1):
 PSYoungGen      total 22016K, used 1888K [0x00000000eab00000, 0x00000000ec380000, 0x0000000100000000)
  eden space 19968K, 0% used [0x00000000eab00000,0x00000000eab00000,0x00000000ebe80000)
  from space 2048K, 92% used [0x00000000ebf80000,0x00000000ec158000,0x00000000ec180000)
  to   space 2048K, 0% used [0x00000000ec180000,0x00000000ec180000,0x00000000ec380000)
 ParOldGen       total 68608K, used 21492K [0x00000000c0000000, 0x00000000c4300000, 0x00000000eab00000)
  object space 68608K, 31% used [0x00000000c0000000,0x00000000c14fd2e0,0x00000000c4300000)
 Metaspace       used 31241K, capacity 33128K, committed 33152K, reserved 1079296K
  class space    used 3009K, capacity 3709K, committed 3712K, reserved 1048576K
}
Event: 8.827 GC heap before
{Heap before GC invocations=15 (full 1):
 PSYoungGen      total 22016K, used 21856K [0x00000000eab00000, 0x00000000ec380000, 0x0000000100000000)
  eden space 19968K, 100% used [0x00000000eab00000,0x00000000ebe80000,0x00000000ebe80000)
  from space 2048K, 92% used [0x00000000ebf80000,0x00000000ec158000,0x00000000ec180000)
  to   space 2048K, 0% used [0x00000000ec180000,0x00000000ec180000,0x00000000ec380000)
 ParOldGen       total 68608K, used 21492K [0x00000000c0000000, 0x00000000c4300000, 0x00000000eab00000)
  object space 68608K, 31% used [0x00000000c0000000,0x00000000c14fd2e0,0x00000000c4300000)
 Metaspace       used 32662K, capacity 34747K, committed 34816K, reserved 1081344K
  class space    used 3072K, capacity 3826K, committed 3840K, reserved 1048576K
}
Event: 8.830 GC heap after
{Heap after GC invocations=15 (full 1):
 PSYoungGen      total 22016K, used 2012K [0x00000000eab00000, 0x00000000ec380000, 0x0000000100000000)
  eden space 19968K, 0% used [0x00000000eab00000,0x00000000eab00000,0x00000000ebe80000)
  from space 2048K, 98% used [0x00000000ec180000,0x00000000ec377308,0x00000000ec380000)
  to   space 2048K, 0% used [0x00000000ebf80000,0x00000000ebf80000,0x00000000ec180000)
 ParOldGen       total 68608K, used 23305K [0x00000000c0000000, 0x00000000c4300000, 0x00000000eab00000)
  object space 68608K, 33% used [0x00000000c0000000,0x00000000c16c2638,0x00000000c4300000)
 Metaspace       used 32662K, capacity 34747K, committed 34816K, reserved 1081344K
  class space    used 3072K, capacity 3826K, committed 3840K, reserved 1048576K
}
Event: 8.907 GC heap before
{Heap before GC invocations=16 (full 1):
 PSYoungGen      total 22016K, used 5461K [0x00000000eab00000, 0x00000000ec380000, 0x0000000100000000)
  eden space 19968K, 17% used [0x00000000eab00000,0x00000000eae5e1d0,0x00000000ebe80000)
  from space 2048K, 98% used [0x00000000ec180000,0x00000000ec377308,0x00000000ec380000)
  to   space 2048K, 0% used [0x00000000ebf80000,0x00000000ebf80000,0x00000000ec180000)
 ParOldGen       total 68608K, used 23305K [0x00000000c0000000, 0x00000000c4300000, 0x00000000eab00000)
  object space 68608K, 33% used [0x00000000c0000000,0x00000000c16c2638,0x00000000c4300000)
 Metaspace       used 33223K, capacity 35259K, committed 35416K, reserved 1081344K
  class space    used 3128K, capacity 3890K, committed 3968K, reserved 1048576K
}
Event: 8.913 GC heap after
{Heap after GC invocations=16 (full 1):
 PSYoungGen      total 20480K, used 128K [0x00000000eab00000, 0x00000000ec200000, 0x0000000100000000)
  eden space 19968K, 0% used [0x00000000eab00000,0x00000000eab00000,0x00000000ebe80000)
  from space 512K, 25% used [0x00000000ebf80000,0x00000000ebfa0000,0x00000000ec000000)
  to   space 1024K, 0% used [0x00000000ec100000,0x00000000ec100000,0x00000000ec200000)
 ParOldGen       total 68608K, used 25058K [0x00000000c0000000, 0x00000000c4300000, 0x00000000eab00000)
  object space 68608K, 36% used [0x00000000c0000000,0x00000000c1878b60,0x00000000c4300000)
 Metaspace       used 33223K, capacity 35259K, committed 35416K, reserved 1081344K
  class space    used 3128K, capacity 3890K, committed 3968K, reserved 1048576K
}
Event: 8.913 GC heap before
{Heap before GC invocations=17 (full 2):
 PSYoungGen      total 20480K, used 128K [0x00000000eab00000, 0x00000000ec200000, 0x0000000100000000)
  eden space 19968K, 0% used [0x00000000eab00000,0x00000000eab00000,0x00000000ebe80000)
  from space 512K, 25% used [0x00000000ebf80000,0x00000000ebfa0000,0x00000000ec000000)
  to   space 1024K, 0% used [0x00000000ec100000,0x00000000ec100000,0x00000000ec200000)
 ParOldGen       total 68608K, used 25058K [0x00000000c0000000, 0x00000000c4300000, 0x00000000eab00000)
  object space 68608K, 36% used [0x00000000c0000000,0x00000000c1878b60,0x00000000c4300000)
 Metaspace       used 33223K, capacity 35259K, committed 35416K, reserved 1081344K
  class space    used 3128K, capacity 3890K, committed 3968K, reserved 1048576K
}
Event: 9.206 GC heap after
{Heap after GC invocations=17 (full 2):
 PSYoungGen      total 20480K, used 0K [0x00000000eab00000, 0x00000000ec200000, 0x0000000100000000)
  eden space 19968K, 0% used [0x00000000eab00000,0x00000000eab00000,0x00000000ebe80000)
  from space 512K, 0% used [0x00000000ebf80000,0x00000000ebf80000,0x00000000ec000000)
  to   space 1024K, 0% used [0x00000000ec100000,0x00000000ec100000,0x00000000ec200000)
 ParOldGen       total 68608K, used 24500K [0x00000000c0000000, 0x00000000c4300000, 0x00000000eab00000)
  object space 68608K, 35% used [0x00000000c0000000,0x00000000c17ed2a8,0x00000000c4300000)
 Metaspace       used 33223K, capacity 35259K, committed 35416K, reserved 1081344K
  class space    used 3128K, capacity 3890K, committed 3968K, reserved 1048576K
}

